Apache Maven 3.0.4 (r1232337; 2012-01-17 16:44:56+0800)
Maven home: D:\work\百度云\springside4\apache-maven-3.0.4\bin\..
Java version: 1.6.0_21, vendor: Sun Microsystems Inc.
Java home: D:\tools\jdk1.6.0_21\jre
Default locale: zh_CN, platform encoding: GBK
OS name: "windows xp", version: "5.1", arch: "x86", family: "windows"
[INFO] Error stacktraces are turned on.
[DEBUG] Reading global settings from D:\work\百度云\springside4\apache-maven-3.0.4\bin\..\conf\settings.xml
[DEBUG] Reading user settings from C:\Documents and Settings\kfbl\.m2\settings.xml
[DEBUG] Using local repository at d:\work\百度云\springside4\mvnLocalRepository
[DEBUG] Using manager EnhancedLocalRepositoryManager with priority 10 for d:\work\百度云\springside4\mvnLocalRepository
[INFO] Scanning for projects...
[DEBUG] Extension realms for project test:test:war:1.0-SNAPSHOT: (none)
[DEBUG] Looking up lifecyle mappings for packaging war from ClassRealm[plexus.core, parent: null]
[DEBUG] === REACTOR BUILD PLAN ================================================
[DEBUG] Project: test:test:war:1.0-SNAPSHOT
[DEBUG] Tasks:   [package]
[DEBUG] Style:   Regular
[DEBUG] =======================================================================
[INFO]                                                                         
[INFO] ------------------------------------------------------------------------
[INFO] Building ssh4 test 1.0-SNAPSHOT
[INFO] ------------------------------------------------------------------------
[DEBUG] Lifecycle default -> [validate, initialize, generate-sources, process-sources, generate-resources, process-resources, compile, process-classes, generate-test-sources, process-test-sources, generate-test-resources, process-test-resources, test-compile, process-test-classes, test, prepare-package, package, pre-integration-test, integration-test, post-integration-test, verify, install, deploy]
[DEBUG] Lifecycle clean -> [pre-clean, clean, post-clean]
[DEBUG] Lifecycle site -> [pre-site, site, post-site, site-deploy]
[DEBUG] Lifecycle default -> [validate, initialize, generate-sources, process-sources, generate-resources, process-resources, compile, process-classes, generate-test-sources, process-test-sources, generate-test-resources, process-test-resources, test-compile, process-test-classes, test, prepare-package, package, pre-integration-test, integration-test, post-integration-test, verify, install, deploy]
[DEBUG] Lifecycle clean -> [pre-clean, clean, post-clean]
[DEBUG] Lifecycle site -> [pre-site, site, post-site, site-deploy]
[DEBUG] Lifecycle default -> [validate, initialize, generate-sources, process-sources, generate-resources, process-resources, compile, process-classes, generate-test-sources, process-test-sources, generate-test-resources, process-test-resources, test-compile, process-test-classes, test, prepare-package, package, pre-integration-test, integration-test, post-integration-test, verify, install, deploy]
[DEBUG] Lifecycle clean -> [pre-clean, clean, post-clean]
[DEBUG] Lifecycle site -> [pre-site, site, post-site, site-deploy]
[DEBUG] Lifecycle default -> [validate, initialize, generate-sources, process-sources, generate-resources, process-resources, compile, process-classes, generate-test-sources, process-test-sources, generate-test-resources, process-test-resources, test-compile, process-test-classes, test, prepare-package, package, pre-integration-test, integration-test, post-integration-test, verify, install, deploy]
[DEBUG] Lifecycle clean -> [pre-clean, clean, post-clean]
[DEBUG] Lifecycle site -> [pre-site, site, post-site, site-deploy]
[DEBUG] Lifecycle default -> [validate, initialize, generate-sources, process-sources, generate-resources, process-resources, compile, process-classes, generate-test-sources, process-test-sources, generate-test-resources, process-test-resources, test-compile, process-test-classes, test, prepare-package, package, pre-integration-test, integration-test, post-integration-test, verify, install, deploy]
[DEBUG] Lifecycle clean -> [pre-clean, clean, post-clean]
[DEBUG] Lifecycle site -> [pre-site, site, post-site, site-deploy]
[DEBUG] Lifecycle default -> [validate, initialize, generate-sources, process-sources, generate-resources, process-resources, compile, process-classes, generate-test-sources, process-test-sources, generate-test-resources, process-test-resources, test-compile, process-test-classes, test, prepare-package, package, pre-integration-test, integration-test, post-integration-test, verify, install, deploy]
[DEBUG] Lifecycle clean -> [pre-clean, clean, post-clean]
[DEBUG] Lifecycle site -> [pre-site, site, post-site, site-deploy]
[DEBUG] Lifecycle default -> [validate, initialize, generate-sources, process-sources, generate-resources, process-resources, compile, process-classes, generate-test-sources, process-test-sources, generate-test-resources, process-test-resources, test-compile, process-test-classes, test, prepare-package, package, pre-integration-test, integration-test, post-integration-test, verify, install, deploy]
[DEBUG] Lifecycle clean -> [pre-clean, clean, post-clean]
[DEBUG] Lifecycle site -> [pre-site, site, post-site, site-deploy]
[DEBUG] Lifecycle default -> [validate, initialize, generate-sources, process-sources, generate-resources, process-resources, compile, process-classes, generate-test-sources, process-test-sources, generate-test-resources, process-test-resources, test-compile, process-test-classes, test, prepare-package, package, pre-integration-test, integration-test, post-integration-test, verify, install, deploy]
[DEBUG] Lifecycle clean -> [pre-clean, clean, post-clean]
[DEBUG] Lifecycle site -> [pre-site, site, post-site, site-deploy]
[DEBUG] Lifecycle default -> [validate, initialize, generate-sources, process-sources, generate-resources, process-resources, compile, process-classes, generate-test-sources, process-test-sources, generate-test-resources, process-test-resources, test-compile, process-test-classes, test, prepare-package, package, pre-integration-test, integration-test, post-integration-test, verify, install, deploy]
[DEBUG] Lifecycle clean -> [pre-clean, clean, post-clean]
[DEBUG] Lifecycle site -> [pre-site, site, post-site, site-deploy]
[DEBUG] === PROJECT BUILD PLAN ================================================
[DEBUG] Project:       test:test:1.0-SNAPSHOT
[DEBUG] Dependencies (collect): []
[DEBUG] Dependencies (resolve): [compile, runtime, test]
[DEBUG] Repositories (dependencies): [central (http://repo.maven.apache.org/maven2, releases)]
[DEBUG] Repositories (plugins)     : [central (http://repo.maven.apache.org/maven2, releases)]
[DEBUG] -----------------------------------------------------------------------
[DEBUG] Goal:          org.codehaus.cargo:cargo-maven2-plugin:1.3.1:stop (init-container)
[DEBUG] Style:         Regular
[DEBUG] Configuration: <?xml version="1.0" encoding="UTF-8"?>
<configuration>
  <container>
    <containerId>tomcat6x</containerId>
    <type>installed</type>
    <home>C:\huadun\apache-tomcat-6.0.20</home>
  </container>
  <deployables>
    <deployable>
      <groupId>test</groupId>
      <artifactId>${project.artifactid}</artifactId>
      <type>war</type>
      <properties>
        <context>test</context>
      </properties>
    </deployable>
  </deployables>
  <deployer>
    <type>installed</type>
  </deployer>
  <localRepository>${localRepository}</localRepository>
  <pluginVersion>${plugin.version}</pluginVersion>
  <project>${project}</project>
  <repositories>${project.remoteArtifactRepositories}</repositories>
  <settings>${settings}</settings>
  <skip default-value="false">${cargo.maven.skip}</skip>
</configuration>
[DEBUG] -----------------------------------------------------------------------
[DEBUG] Goal:          org.apache.maven.plugins:maven-enforcer-plugin:1.1.1:enforce (enforce-banned-dependencies)
[DEBUG] Style:         Regular
[DEBUG] Configuration: <?xml version="1.0" encoding="UTF-8"?>
<configuration>
  <fail default-value="true">true</fail>
  <failFast default-value="false">${enforcer.failFast}</failFast>
  <ignoreCache default-value="false">${enforcer.ignoreCache}</ignoreCache>
  <project>${project}</project>
  <rules>
    <requireMavenVersion>
      <version>3.0.3</version>
    </requireMavenVersion>
    <requireJavaVersion>
      <version>1.6</version>
    </requireJavaVersion>
    <bannedDependencies>
      <searchTransitive>true</searchTransitive>
      <excludes>
        <exclude>commons-logging</exclude>
        <exclude>aspectj:aspectj*</exclude>
        <exclude>org.springframework:2.*</exclude>
        <exclude>org.springframework:3.0.*</exclude>
      </excludes>
    </bannedDependencies>
  </rules>
  <session>${session}</session>
  <skip default-value="false">${enforcer.skip}</skip>
</configuration>
[DEBUG] -----------------------------------------------------------------------
[DEBUG] Goal:          org.codehaus.mojo:build-helper-maven-plugin:1.7:add-test-source (add-functional-source)
[DEBUG] Style:         Regular
[DEBUG] Configuration: <?xml version="1.0" encoding="UTF-8"?>
<configuration>
  <project>${project}</project>
  <sources>
    <source>src/test/functional</source>
  </sources>
</configuration>
[DEBUG] -----------------------------------------------------------------------
[DEBUG] Goal:          org.apache.maven.plugins:maven-resources-plugin:2.6:resources (default-resources)
[DEBUG] Style:         Regular
[DEBUG] Configuration: <?xml version="1.0" encoding="UTF-8"?>
<configuration>
  <buildFilters default-value="${project.build.filters}"/>
  <encoding default-value="${project.build.sourceEncoding}">${encoding}</encoding>
  <escapeString>${maven.resources.escapeString}</escapeString>
  <escapeWindowsPaths default-value="true">${maven.resources.escapeWindowsPaths}</escapeWindowsPaths>
  <includeEmptyDirs default-value="false">${maven.resources.includeEmptyDirs}</includeEmptyDirs>
  <outputDirectory default-value="${project.build.outputDirectory}"/>
  <overwrite default-value="false">${maven.resources.overwrite}</overwrite>
  <project default-value="${project}"/>
  <resources default-value="${project.resources}"/>
  <session default-value="${session}"/>
  <supportMultiLineFiltering default-value="false">${maven.resources.supportMultiLineFiltering}</supportMultiLineFiltering>
  <useBuildFilters default-value="true"/>
  <useDefaultDelimiters default-value="true"/>
</configuration>
[DEBUG] -----------------------------------------------------------------------
[DEBUG] Goal:          org.apache.maven.plugins:maven-compiler-plugin:2.5.1:compile (default-compile)
[DEBUG] Style:         Regular
[DEBUG] Configuration: <?xml version="1.0" encoding="UTF-8"?>
<configuration>
  <basedir default-value="${basedir}"/>
  <buildDirectory default-value="${project.build.directory}"/>
  <classpathElements default-value="${project.compileClasspathElements}"/>
  <compileSourceRoots default-value="${project.compileSourceRoots}"/>
  <compilerId default-value="javac">${maven.compiler.compilerId}</compilerId>
  <compilerReuseStrategy default-value="${reuseCreated}">${maven.compiler.compilerReuseStrategy}</compilerReuseStrategy>
  <compilerVersion>${maven.compiler.compilerVersion}</compilerVersion>
  <debug default-value="true">${maven.compiler.debug}</debug>
  <debuglevel>${maven.compiler.debuglevel}</debuglevel>
  <encoding default-value="${project.build.sourceEncoding}">${encoding}</encoding>
  <executable>${maven.compiler.executable}</executable>
  <failOnError default-value="true">${maven.compiler.failOnError}</failOnError>
  <fork default-value="false">${maven.compiler.fork}</fork>
  <generatedSourcesDirectory default-value="${project.build.directory}/generated-sources/annotations"/>
  <maxmem>${maven.compiler.maxmem}</maxmem>
  <meminitial>${maven.compiler.meminitial}</meminitial>
  <optimize default-value="false">${maven.compiler.optimize}</optimize>
  <outputDirectory default-value="${project.build.outputDirectory}"/>
  <outputFileName>${project.build.finalName}</outputFileName>
  <projectArtifact default-value="${project.artifact}"/>
  <session default-value="${session}"/>
  <showDeprecation default-value="false">${maven.compiler.showDeprecation}</showDeprecation>
  <showWarnings default-value="false">true</showWarnings>
  <skipMultiThreadWarning default-value="${false}">${maven.compiler.skipMultiThreadWarning}</skipMultiThreadWarning>
  <source default-value="1.5">1.6</source>
  <staleMillis default-value="0">${lastModGranularityMs}</staleMillis>
  <target default-value="1.5">1.6</target>
  <verbose default-value="false">${maven.compiler.verbose}</verbose>
</configuration>
[DEBUG] -----------------------------------------------------------------------
[DEBUG] Goal:          org.apache.maven.plugins:maven-resources-plugin:2.6:testResources (default-testResources)
[DEBUG] Style:         Regular
[DEBUG] Configuration: <?xml version="1.0" encoding="UTF-8"?>
<configuration>
  <buildFilters default-value="${project.build.filters}"/>
  <encoding default-value="${project.build.sourceEncoding}">${encoding}</encoding>
  <escapeString>${maven.resources.escapeString}</escapeString>
  <escapeWindowsPaths default-value="true">${maven.resources.escapeWindowsPaths}</escapeWindowsPaths>
  <includeEmptyDirs default-value="false">${maven.resources.includeEmptyDirs}</includeEmptyDirs>
  <outputDirectory default-value="${project.build.testOutputDirectory}"/>
  <overwrite default-value="false">${maven.resources.overwrite}</overwrite>
  <project default-value="${project}"/>
  <resources default-value="${project.testResources}"/>
  <session default-value="${session}"/>
  <skip>${maven.test.skip}</skip>
  <supportMultiLineFiltering default-value="false">${maven.resources.supportMultiLineFiltering}</supportMultiLineFiltering>
  <useBuildFilters default-value="true"/>
  <useDefaultDelimiters default-value="true"/>
</configuration>
[DEBUG] -----------------------------------------------------------------------
[DEBUG] Goal:          org.apache.maven.plugins:maven-compiler-plugin:2.5.1:testCompile (default-testCompile)
[DEBUG] Style:         Regular
[DEBUG] Configuration: <?xml version="1.0" encoding="UTF-8"?>
<configuration>
  <basedir default-value="${basedir}"/>
  <buildDirectory default-value="${project.build.directory}"/>
  <classpathElements default-value="${project.testClasspathElements}"/>
  <compileSourceRoots default-value="${project.testCompileSourceRoots}"/>
  <compilerId default-value="javac">${maven.compiler.compilerId}</compilerId>
  <compilerReuseStrategy default-value="${reuseCreated}">${maven.compiler.compilerReuseStrategy}</compilerReuseStrategy>
  <compilerVersion>${maven.compiler.compilerVersion}</compilerVersion>
  <debug default-value="true">${maven.compiler.debug}</debug>
  <debuglevel>${maven.compiler.debuglevel}</debuglevel>
  <encoding default-value="${project.build.sourceEncoding}">${encoding}</encoding>
  <executable>${maven.compiler.executable}</executable>
  <failOnError default-value="true">${maven.compiler.failOnError}</failOnError>
  <fork default-value="false">${maven.compiler.fork}</fork>
  <generatedTestSourcesDirectory default-value="${project.build.directory}/generated-test-sources/test-annotations"/>
  <maxmem>${maven.compiler.maxmem}</maxmem>
  <meminitial>${maven.compiler.meminitial}</meminitial>
  <optimize default-value="false">${maven.compiler.optimize}</optimize>
  <outputDirectory default-value="${project.build.testOutputDirectory}"/>
  <outputFileName>${project.build.finalName}</outputFileName>
  <session default-value="${session}"/>
  <showDeprecation default-value="false">${maven.compiler.showDeprecation}</showDeprecation>
  <showWarnings default-value="false">true</showWarnings>
  <skip>${maven.test.skip}</skip>
  <skipMultiThreadWarning default-value="${false}">${maven.compiler.skipMultiThreadWarning}</skipMultiThreadWarning>
  <source default-value="1.5">1.6</source>
  <staleMillis default-value="0">${lastModGranularityMs}</staleMillis>
  <target default-value="1.5">1.6</target>
  <testSource>${maven.compiler.testSource}</testSource>
  <testTarget>${maven.compiler.testTarget}</testTarget>
  <verbose default-value="false">${maven.compiler.verbose}</verbose>
</configuration>
[DEBUG] -----------------------------------------------------------------------
[DEBUG] Goal:          org.apache.maven.plugins:maven-surefire-plugin:2.12.4:test (default-test)
[DEBUG] Style:         Regular
[DEBUG] Configuration: <?xml version="1.0" encoding="UTF-8"?>
<configuration>
  <argLine>-Xmx256M</argLine>
  <basedir default-value="${basedir}"/>
  <childDelegation default-value="false">${childDelegation}</childDelegation>
  <classesDirectory default-value="${project.build.outputDirectory}"/>
  <debugForkedProcess>${maven.surefire.debug}</debugForkedProcess>
  <disableXmlReport default-value="false">${disableXmlReport}</disableXmlReport>
  <enableAssertions default-value="true">${enableAssertions}</enableAssertions>
  <excludedGroups>${excludedGroups}</excludedGroups>
  <failIfNoSpecifiedTests>${surefire.failIfNoSpecifiedTests}</failIfNoSpecifiedTests>
  <failIfNoTests>${failIfNoTests}</failIfNoTests>
  <forkMode default-value="once">${forkMode}</forkMode>
  <forkedProcessTimeoutInSeconds>${surefire.timeout}</forkedProcessTimeoutInSeconds>
  <groups>${groups}</groups>
  <includes>
    <include>**/*Test.java</include>
  </includes>
  <junitArtifactName default-value="junit:junit">${junitArtifactName}</junitArtifactName>
  <jvm>${jvm}</jvm>
  <localRepository default-value="${localRepository}"/>
  <objectFactory>${objectFactory}</objectFactory>
  <parallel>${parallel}</parallel>
  <parallelMavenExecution default-value="${session.parallel}"/>
  <perCoreThreadCount default-value="true">${perCoreThreadCount}</perCoreThreadCount>
  <pluginArtifactMap>${plugin.artifactMap}</pluginArtifactMap>
  <pluginDescriptor default-value="${plugin}"/>
  <printSummary default-value="true">${surefire.printSummary}</printSummary>
  <projectArtifactMap>${project.artifactMap}</projectArtifactMap>
  <redirectTestOutputToFile default-value="false">${maven.test.redirectTestOutputToFile}</redirectTestOutputToFile>
  <remoteRepositories default-value="${project.pluginArtifactRepositories}"/>
  <reportFormat default-value="brief">${surefire.reportFormat}</reportFormat>
  <reportNameSuffix default-value="">${surefire.reportNameSuffix}</reportNameSuffix>
  <reportsDirectory default-value="${project.build.directory}/surefire-reports"/>
  <runOrder default-value="filesystem"/>
  <skip default-value="false">${maven.test.skip}</skip>
  <skipExec>${maven.test.skip.exec}</skipExec>
  <skipTests default-value="false">${skipTests}</skipTests>
  <test>${test}</test>
  <testClassesDirectory default-value="${project.build.testOutputDirectory}"/>
  <testFailureIgnore default-value="false">${maven.test.failure.ignore}</testFailureIgnore>
  <testNGArtifactName default-value="org.testng:testng">${testNGArtifactName}</testNGArtifactName>
  <testSourceDirectory default-value="${project.build.testSourceDirectory}"/>
  <threadCount>${threadCount}</threadCount>
  <trimStackTrace default-value="true">${trimStackTrace}</trimStackTrace>
  <useFile default-value="true">${surefire.useFile}</useFile>
  <useManifestOnlyJar default-value="true">${surefire.useManifestOnlyJar}</useManifestOnlyJar>
  <useSystemClassLoader default-value="true">${surefire.useSystemClassLoader}</useSystemClassLoader>
  <useUnlimitedThreads default-value="false">${useUnlimitedThreads}</useUnlimitedThreads>
  <workingDirectory>${basedir}</workingDirectory>
  <project default-value="${project}"/>
  <session default-value="${session}"/>
</configuration>
[DEBUG] -----------------------------------------------------------------------
[DEBUG] Goal:          org.apache.maven.plugins:maven-war-plugin:2.3:war (default-war)
[DEBUG] Style:         Regular
[DEBUG] Configuration: <?xml version="1.0" encoding="UTF-8"?>
<configuration>
  <archiveClasses default-value="false">${archiveClasses}</archiveClasses>
  <attachClasses default-value="false"/>
  <cacheFile default-value="${project.build.directory}/war/work/webapp-cache.xml"/>
  <classesClassifier default-value="classes"/>
  <classesDirectory default-value="${project.build.outputDirectory}"/>
  <containerConfigXML>${maven.war.containerConfigXML}</containerConfigXML>
  <escapeString>${maven.war.escapeString}</escapeString>
  <escapedBackslashesInFilePath default-value="false">${maven.war.escapedBackslashesInFilePath}</escapedBackslashesInFilePath>
  <failOnMissingWebXml default-value="true">${failOnMissingWebXml}</failOnMissingWebXml>
  <filteringDeploymentDescriptors default-value="false">${maven.war.filteringDeploymentDescriptors}</filteringDeploymentDescriptors>
  <outputDirectory default-value="${project.build.directory}"/>
  <primaryArtifact default-value="true">${primaryArtifact}</primaryArtifact>
  <recompressZippedFiles default-value="false"/>
  <resourceEncoding default-value="${project.build.sourceEncoding}">${resourceEncoding}</resourceEncoding>
  <useCache default-value="false">${useCache}</useCache>
  <warName default-value="${project.build.finalName}">test</warName>
  <warSourceDirectory default-value="${basedir}/src/main/webapp"/>
  <warSourceIncludes default-value="**"/>
  <webResources>
    <resource>
      <directory>webapp/WEB-INF</directory>
      <filtering>true</filtering>
      <targetPath>WEB-INF</targetPath>
    </resource>
  </webResources>
  <webXml>${maven.war.webxml}</webXml>
  <webappDirectory default-value="${project.build.directory}/${project.build.finalName}"/>
  <workDirectory default-value="${project.build.directory}/war/work"/>
  <project default-value="${project}"/>
  <session default-value="${session}"/>
</configuration>
[DEBUG] =======================================================================
[DEBUG] test:test:war:1.0-SNAPSHOT
[DEBUG]    org.springside:springside-core:jar:4.0.0.GA:compile
[DEBUG]    org.aspectj:aspectjrt:jar:1.7.0:compile
[DEBUG]    org.aspectj:aspectjweaver:jar:1.7.0:compile
[DEBUG]    cglib:cglib:jar:2.2.2:runtime
[DEBUG]    asm:asm:jar:3.3.1:runtime
[DEBUG]    org.hibernate:hibernate-entitymanager:jar:4.1.7.Final:compile
[DEBUG]       org.jboss.logging:jboss-logging:jar:3.1.0.GA:compile
[DEBUG]       org.jboss.spec.javax.transaction:jboss-transaction-api_1.1_spec:jar:1.0.0.Final:compile
[DEBUG]       dom4j:dom4j:jar:1.6.1:compile
[DEBUG]       org.hibernate.javax.persistence:hibernate-jpa-2.0-api:jar:1.0.1.Final:compile
[DEBUG]       org.javassist:javassist:jar:3.15.0-GA:compile
[DEBUG]       org.hibernate:hibernate-core:jar:4.1.7.Final:compile
[DEBUG]          antlr:antlr:jar:2.7.7:compile
[DEBUG]       org.hibernate.common:hibernate-commons-annotations:jar:4.0.1.Final:compile
[DEBUG]    org.springframework.data:spring-data-jpa:jar:1.2.0.RELEASE:compile
[DEBUG]       org.springframework.data:spring-data-commons-core:jar:1.4.0.RELEASE:compile
[DEBUG]       org.springframework:spring-context:jar:3.1.2.RELEASE:compile
[DEBUG]       org.springframework:spring-aop:jar:3.1.2.RELEASE:compile
[DEBUG]          aopalliance:aopalliance:jar:1.0:compile
[DEBUG]       org.springframework:spring-tx:jar:3.1.2.RELEASE:compile
[DEBUG]       org.springframework:spring-beans:jar:3.1.2.RELEASE:compile
[DEBUG]       org.springframework:spring-core:jar:3.1.2.RELEASE:compile
[DEBUG]    org.springframework:spring-orm:jar:3.1.2.RELEASE:compile
[DEBUG]    org.springframework:spring-jdbc:jar:3.1.2.RELEASE:compile
[DEBUG]    commons-dbcp:commons-dbcp:jar:1.4:runtime
[DEBUG]       commons-pool:commons-pool:jar:1.5.4:runtime
[DEBUG]    mysql:mysql-connector-java:jar:5.1.21:runtime
[DEBUG]    org.springframework:spring-webmvc:jar:3.1.2.RELEASE:compile
[DEBUG]       org.springframework:spring-asm:jar:3.1.2.RELEASE:compile
[DEBUG]       org.springframework:spring-context-support:jar:3.1.2.RELEASE:compile
[DEBUG]       org.springframework:spring-expression:jar:3.1.2.RELEASE:compile
[DEBUG]       org.springframework:spring-web:jar:3.1.2.RELEASE:compile
[DEBUG]    opensymphony:sitemesh:jar:2.4.2:runtime
[DEBUG]    javax.servlet:jstl:jar:1.2:compile
[DEBUG]    javax.servlet:servlet-api:jar:2.5:provided
[DEBUG]    org.apache.shiro:shiro-spring:jar:1.2.1:compile
[DEBUG]       org.apache.shiro:shiro-core:jar:1.2.1:compile
[DEBUG]          commons-beanutils:commons-beanutils:jar:1.8.3:compile
[DEBUG]       org.apache.shiro:shiro-web:jar:1.2.1:compile
[DEBUG]    org.apache.shiro:shiro-ehcache:jar:1.2.1:compile
[DEBUG]       net.sf.ehcache:ehcache-core:jar:2.5.0:compile
[DEBUG]    commons-codec:commons-codec:jar:1.7:compile
[DEBUG]    org.hibernate:hibernate-validator:jar:4.3.0.Final:compile
[DEBUG]       javax.validation:validation-api:jar:1.0.0.GA:compile
[DEBUG]    com.fasterxml.jackson.core:jackson-databind:jar:2.0.6:compile
[DEBUG]       com.fasterxml.jackson.core:jackson-annotations:jar:2.0.6:compile
[DEBUG]       com.fasterxml.jackson.core:jackson-core:jar:2.0.6:compile
[DEBUG]    com.fasterxml.jackson.module:jackson-module-jaxb-annotations:jar:2.0.6:compile
[DEBUG]    org.slf4j:slf4j-api:jar:1.7.1:compile
[DEBUG]    org.slf4j:slf4j-log4j12:jar:1.7.1:runtime
[DEBUG]    org.slf4j:jcl-over-slf4j:jar:1.7.1:runtime
[DEBUG]    org.slf4j:jul-to-slf4j:jar:1.7.1:runtime
[DEBUG]    log4j:log4j:jar:1.2.17:compile
[DEBUG]    org.lazyluke:log4jdbc-remix:jar:0.2.7:runtime
[DEBUG]    org.apache.commons:commons-lang3:jar:3.1:compile
[DEBUG]    com.google.guava:guava:jar:13.0.1:compile
[DEBUG]    org.springside:springside-test:jar:4.0.0.GA:test
[DEBUG]       joda-time:joda-time:jar:2.1:test
[DEBUG]       spy:spymemcached:jar:2.8.1:test
[DEBUG]       com.thimbleware.jmemcached:jmemcached-core:jar:1.0.0:test
[DEBUG]          org.jboss.netty:netty:jar:3.2.3.Final:test
[DEBUG]       com.icegreen:greenmail:jar:1.3.1b:test
[DEBUG]          javax.mail:mail:jar:1.4:test
[DEBUG]             javax.activation:activation:jar:1.1:test
[DEBUG]    junit:junit:jar:4.10:test
[DEBUG]       org.hamcrest:hamcrest-core:jar:1.1:test
[DEBUG]    org.mockito:mockito-core:jar:1.9.0:test
[DEBUG]       org.objenesis:objenesis:jar:1.0:test
[DEBUG]    org.springframework:spring-test:jar:3.1.2.RELEASE:test
[DEBUG]    org.seleniumhq.selenium:selenium-java:jar:2.25.0:test
[DEBUG]       org.seleniumhq.selenium:selenium-chrome-driver:jar:2.25.0:test
[DEBUG]       org.seleniumhq.selenium:selenium-htmlunit-driver:jar:2.25.0:test
[DEBUG]          net.sourceforge.htmlunit:htmlunit:jar:2.9:test
[DEBUG]             xalan:xalan:jar:2.7.1:test
[DEBUG]                xalan:serializer:jar:2.7.1:test
[DEBUG]             commons-collections:commons-collections:jar:3.2.1:test
[DEBUG]             commons-lang:commons-lang:jar:2.6:test
[DEBUG]             org.apache.httpcomponents:httpmime:jar:4.1.2:test
[DEBUG]             net.sourceforge.htmlunit:htmlunit-core-js:jar:2.9:test
[DEBUG]             xerces:xercesImpl:jar:2.9.1:test
[DEBUG]                xml-apis:xml-apis:jar:1.3.04:test
[DEBUG]             net.sourceforge.nekohtml:nekohtml:jar:1.9.15:test
[DEBUG]             net.sourceforge.cssparser:cssparser:jar:0.9.5:test
[DEBUG]                org.w3c.css:sac:jar:1.3:test
[DEBUG]       org.seleniumhq.selenium:selenium-firefox-driver:jar:2.25.0:test
[DEBUG]       org.seleniumhq.selenium:selenium-ie-driver:jar:2.25.0:test
[DEBUG]       org.seleniumhq.selenium:selenium-safari-driver:jar:2.25.0:test
[DEBUG]       org.seleniumhq.selenium:selenium-support:jar:2.25.0:test
[DEBUG]       org.webbitserver:webbit:jar:0.4.6:test
[DEBUG]    org.seleniumhq.selenium:selenium-remote-driver:jar:2.25.0:test
[DEBUG]       org.json:json:jar:20080701:test
[DEBUG]       org.seleniumhq.selenium:selenium-api:jar:2.25.0:test
[DEBUG]       org.apache.httpcomponents:httpclient:jar:4.1.2:test
[DEBUG]          org.apache.httpcomponents:httpcore:jar:4.1.2:test
[DEBUG]       org.apache.commons:commons-exec:jar:1.1:test
[DEBUG]       net.java.dev.jna:jna:jar:3.4.0:test
[DEBUG]       net.java.dev.jna:platform:jar:3.4.0:test
[DEBUG]    com.h2database:h2:jar:1.3.168:test
[DEBUG]    org.eclipse.jetty.aggregate:jetty-webapp:jar:7.6.7.v20120910:test
[DEBUG]       org.eclipse.jetty.orbit:javax.servlet:jar:2.5.0.v201103041518:test
[DEBUG]    org.eclipse.jetty:jetty-jsp:jar:7.6.7.v20120910:test
[DEBUG]       org.eclipse.jetty.orbit:javax.servlet.jsp:jar:2.1.0.v201105211820:test
[DEBUG]       org.eclipse.jetty.orbit:org.apache.jasper.glassfish:jar:2.1.0.v201110031002:test
[DEBUG]       org.eclipse.jetty.orbit:javax.servlet.jsp.jstl:jar:1.2.0.v201105211821:test
[DEBUG]       org.eclipse.jetty.orbit:org.apache.taglibs.standard.glassfish:jar:1.2.0.v201112081803:test
[DEBUG]       org.eclipse.jetty.orbit:javax.el:jar:2.1.0.v201105211819:test
[DEBUG]       org.eclipse.jetty.orbit:com.sun.el:jar:1.0.0.v201105211818:test
[DEBUG]       org.eclipse.jetty.orbit:org.eclipse.jdt.core:jar:3.7.1:test
[DEBUG]    com.google.code.simple-spring-memcached:spymemcached:jar:2.8.1:compile
[DEBUG]    org.codehaus.jackson:jackson-core-lgpl:jar:1.8.1:compile
[DEBUG]    org.codehaus.jackson:jackson-mapper-lgpl:jar:1.8.1:compile
[DEBUG]    commons-fileupload:commons-fileupload:jar:1.2.2:compile
[DEBUG]    commons-io:commons-io:jar:1.3.2:compile
[INFO] 
[INFO] --- cargo-maven2-plugin:1.3.1:stop (init-container) @ test ---
[DEBUG] Created new class realm maven.api
[DEBUG] Importing foreign packages into class realm maven.api
[DEBUG]   Imported: org.apache.maven.wagon.events < plexus.core
[DEBUG]   Imported: org.sonatype.aether.transfer < plexus.core
[DEBUG]   Imported: org.apache.maven.exception < plexus.core
[DEBUG]   Imported: org.sonatype.aether.metadata < plexus.core
[DEBUG]   Imported: org.codehaus.plexus.util.xml.Xpp3Dom < plexus.core
[DEBUG]   Imported: org.sonatype.aether.collection < plexus.core
[DEBUG]   Imported: org.sonatype.aether.version < plexus.core
[DEBUG]   Imported: org.apache.maven.monitor < plexus.core
[DEBUG]   Imported: org.apache.maven.wagon.repository < plexus.core
[DEBUG]   Imported: org.apache.maven.repository < plexus.core
[DEBUG]   Imported: org.apache.maven.wagon.resource < plexus.core
[DEBUG]   Imported: org.codehaus.plexus.logging < plexus.core
[DEBUG]   Imported: org.apache.maven.profiles < plexus.core
[DEBUG]   Imported: org.sonatype.aether.repository < plexus.core
[DEBUG]   Imported: org.apache.maven.classrealm < plexus.core
[DEBUG]   Imported: org.apache.maven.execution < plexus.core
[DEBUG]   Imported: org.sonatype.aether.artifact < plexus.core
[DEBUG]   Imported: org.sonatype.aether.spi < plexus.core
[DEBUG]   Imported: org.apache.maven.reporting < plexus.core
[DEBUG]   Imported: org.apache.maven.usability < plexus.core
[DEBUG]   Imported: org.codehaus.plexus.container < plexus.core
[DEBUG]   Imported: org.codehaus.plexus.component < plexus.core
[DEBUG]   Imported: org.codehaus.plexus.util.xml.pull.XmlSerializer < plexus.core
[DEBUG]   Imported: org.apache.maven.wagon.authentication < plexus.core
[DEBUG]   Imported: org.apache.maven.lifecycle < plexus.core
[DEBUG]   Imported: org.codehaus.plexus.classworlds < plexus.core
[DEBUG]   Imported: org.sonatype.aether.graph < plexus.core
[DEBUG]   Imported: org.sonatype.aether.* < plexus.core
[DEBUG]   Imported: org.apache.maven.settings < plexus.core
[DEBUG]   Imported: org.codehaus.classworlds < plexus.core
[DEBUG]   Imported: org.sonatype.aether.impl < plexus.core
[DEBUG]   Imported: org.apache.maven.wagon.* < plexus.core
[DEBUG]   Imported: org.apache.maven.toolchain < plexus.core
[DEBUG]   Imported: org.sonatype.aether.deployment < plexus.core
[DEBUG]   Imported: org.apache.maven.wagon.observers < plexus.core
[DEBUG]   Imported: org.codehaus.plexus.util.xml.pull.XmlPullParserException < plexus.core
[DEBUG]   Imported: org.codehaus.plexus.util.xml.pull.XmlPullParser < plexus.core
[DEBUG]   Imported: org.apache.maven.configuration < plexus.core
[DEBUG]   Imported: org.apache.maven.cli < plexus.core
[DEBUG]   Imported: org.sonatype.aether.installation < plexus.core
[DEBUG]   Imported: org.codehaus.plexus.context < plexus.core
[DEBUG]   Imported: org.apache.maven.wagon.authorization < plexus.core
[DEBUG]   Imported: org.apache.maven.project < plexus.core
[DEBUG]   Imported: org.apache.maven.rtinfo < plexus.core
[DEBUG]   Imported: org.codehaus.plexus.lifecycle < plexus.core
[DEBUG]   Imported: org.codehaus.plexus.configuration < plexus.core
[DEBUG]   Imported: org.apache.maven.artifact < plexus.core
[DEBUG]   Imported: org.apache.maven.model < plexus.core
[DEBUG]   Imported: org.apache.maven.* < plexus.core
[DEBUG]   Imported: org.apache.maven.wagon.proxy < plexus.core
[DEBUG]   Imported: org.sonatype.aether.resolution < plexus.core
[DEBUG]   Imported: org.apache.maven.plugin < plexus.core
[DEBUG]   Imported: org.codehaus.plexus.* < plexus.core
[DEBUG]   Imported: org.codehaus.plexus.personality < plexus.core
[DEBUG] Populating class realm maven.api
[DEBUG] org.codehaus.cargo:cargo-maven2-plugin:jar:1.3.1:
[DEBUG]    org.apache.maven:maven-plugin-api:jar:2.0:compile
[DEBUG]    org.apache.maven:maven-project:jar:2.0:compile
[DEBUG]       org.apache.maven:maven-profile:jar:2.0:compile
[DEBUG]       org.apache.maven:maven-model:jar:2.0:compile
[DEBUG]       org.apache.maven:maven-artifact-manager:jar:2.0:compile
[DEBUG]          org.apache.maven:maven-repository-metadata:jar:2.0:compile
[DEBUG]       org.apache.maven:maven-artifact:jar:2.0:compile
[DEBUG]       org.codehaus.plexus:plexus-container-default:jar:1.0-alpha-8:compile
[DEBUG]          junit:junit:jar:3.8.1:compile
[DEBUG]          classworlds:classworlds:jar:1.1-alpha-2:compile
[DEBUG]    org.apache.maven:maven-settings:jar:2.0:compile
[DEBUG]    org.apache.maven:maven-archiver:jar:2.4.1:compile
[DEBUG]       org.codehaus.plexus:plexus-archiver:jar:1.0:compile
[DEBUG]          org.codehaus.plexus:plexus-io:jar:1.0:compile
[DEBUG]       org.codehaus.plexus:plexus-interpolation:jar:1.13:compile
[DEBUG]    org.codehaus.plexus:plexus-utils:jar:1.4.7:compile
[DEBUG]    org.codehaus.cargo:cargo-core-api-generic:jar:1.3.1:compile
[DEBUG]       commons-discovery:commons-discovery:jar:0.4:compile
[DEBUG]          commons-logging:commons-logging:jar:1.0.4:compile
[DEBUG]       org.codehaus.cargo:cargo-core-api-container:jar:1.3.1:compile
[DEBUG]          org.codehaus.cargo:cargo-core-api-module:jar:1.3.1:compile
[DEBUG]             jdom:jdom:jar:1.0:compile
[DEBUG]          org.apache.geronimo.specs:geronimo-j2ee-deployment_1.1_spec:jar:1.1:compile
[DEBUG]    org.codehaus.cargo:cargo-daemon-client:jar:1.3.1:compile
[DEBUG]       org.codehaus.cargo:cargo-core-api-util:jar:1.3.1:compile
[DEBUG]          dom4j:dom4j:jar:1.4:compile
[DEBUG]             xml-apis:xml-apis:jar:1.0.b2:compile
[DEBUG]             jaxen:jaxen:jar:1.0-FCS:compile
[DEBUG]             saxpath:saxpath:jar:1.0-FCS:compile
[DEBUG]             msv:msv:jar:20020414:compile
[DEBUG]             relaxngDatatype:relaxngDatatype:jar:20020414:compile
[DEBUG]             isorelax:isorelax:jar:20020414:compile
[DEBUG]          org.apache.ant:ant:jar:1.7.1:compile
[DEBUG]             org.apache.ant:ant-launcher:jar:1.7.1:compile
[DEBUG] Created new class realm plugin>org.codehaus.cargo:cargo-maven2-plugin:1.3.1
[DEBUG] Importing foreign packages into class realm plugin>org.codehaus.cargo:cargo-maven2-plugin:1.3.1
[DEBUG]   Imported:  < maven.api
[DEBUG] Populating class realm plugin>org.codehaus.cargo:cargo-maven2-plugin:1.3.1
[DEBUG]   Included: org.codehaus.cargo:cargo-maven2-plugin:jar:1.3.1
[DEBUG]   Included: junit:junit:jar:3.8.1
[DEBUG]   Included: org.apache.maven:maven-archiver:jar:2.4.1
[DEBUG]   Included: org.codehaus.plexus:plexus-archiver:jar:1.0
[DEBUG]   Included: org.codehaus.plexus:plexus-io:jar:1.0
[DEBUG]   Included: org.codehaus.plexus:plexus-interpolation:jar:1.13
[DEBUG]   Included: org.codehaus.plexus:plexus-utils:jar:1.4.7
[DEBUG]   Included: org.codehaus.cargo:cargo-core-api-generic:jar:1.3.1
[DEBUG]   Included: commons-discovery:commons-discovery:jar:0.4
[DEBUG]   Included: commons-logging:commons-logging:jar:1.0.4
[DEBUG]   Included: org.codehaus.cargo:cargo-core-api-container:jar:1.3.1
[DEBUG]   Included: org.codehaus.cargo:cargo-core-api-module:jar:1.3.1
[DEBUG]   Included: jdom:jdom:jar:1.0
[DEBUG]   Included: org.apache.geronimo.specs:geronimo-j2ee-deployment_1.1_spec:jar:1.1
[DEBUG]   Included: org.codehaus.cargo:cargo-daemon-client:jar:1.3.1
[DEBUG]   Included: org.codehaus.cargo:cargo-core-api-util:jar:1.3.1
[DEBUG]   Included: dom4j:dom4j:jar:1.4
[DEBUG]   Included: xml-apis:xml-apis:jar:1.0.b2
[DEBUG]   Included: jaxen:jaxen:jar:1.0-FCS
[DEBUG]   Included: saxpath:saxpath:jar:1.0-FCS
[DEBUG]   Included: msv:msv:jar:20020414
[DEBUG]   Included: relaxngDatatype:relaxngDatatype:jar:20020414
[DEBUG]   Included: isorelax:isorelax:jar:20020414
[DEBUG]   Included: org.apache.ant:ant:jar:1.7.1
[DEBUG]   Included: org.apache.ant:ant-launcher:jar:1.7.1
[DEBUG]   Excluded: org.apache.maven:maven-plugin-api:jar:2.0
[DEBUG]   Excluded: org.apache.maven:maven-project:jar:2.0
[DEBUG]   Excluded: org.apache.maven:maven-profile:jar:2.0
[DEBUG]   Excluded: org.apache.maven:maven-model:jar:2.0
[DEBUG]   Excluded: org.apache.maven:maven-artifact-manager:jar:2.0
[DEBUG]   Excluded: org.apache.maven:maven-repository-metadata:jar:2.0
[DEBUG]   Excluded: org.apache.maven:maven-artifact:jar:2.0
[DEBUG]   Excluded: org.codehaus.plexus:plexus-container-default:jar:1.0-alpha-8
[DEBUG]   Excluded: classworlds:classworlds:jar:1.1-alpha-2
[DEBUG]   Excluded: org.apache.maven:maven-settings:jar:2.0
[DEBUG] Configuring mojo org.codehaus.cargo:cargo-maven2-plugin:1.3.1:stop from plugin realm ClassRealm[plugin>org.codehaus.cargo:cargo-maven2-plugin:1.3.1, parent: sun.misc.Launcher$AppClassLoader@19821f]
[DEBUG] Configuring mojo 'org.codehaus.cargo:cargo-maven2-plugin:1.3.1:stop' with basic configurator -->
[DEBUG]   (s) containerId = tomcat6x
[DEBUG]   (f) type = installed
[DEBUG]   (s) home = C:\huadun\apache-tomcat-6.0.20
[DEBUG]   (f) container = org.codehaus.cargo.maven2.configuration.Container@117c0eb
[DEBUG]   (s) groupId = test
[DEBUG]   (s) type = war
[DEBUG]   (s) properties = {context=test}
[DEBUG]   (f) deployables = [AbstractDependency{ groupId=test, artifactId=null, type=war, classifier=null }]
[DEBUG]   (s) type = installed
[DEBUG]   (f) deployer = org.codehaus.cargo.maven2.configuration.Deployer@18952cc
[DEBUG]   (f) localRepository =        id: local
      url: file:///d:/work/百度云/springside4/mvnLocalRepository/
   layout: none

[DEBUG]   (f) pluginVersion = 1.3.1
[DEBUG]   (f) project = MavenProject: test:test:1.0-SNAPSHOT @ D:\work\百度云\2.code\test\pom.xml
[DEBUG]   (f) repositories = [       id: central
      url: http://repo.maven.apache.org/maven2
   layout: default
snapshots: [enabled => false, update => daily]
 releases: [enabled => true, update => daily]
]
[DEBUG]   (f) settings = org.apache.maven.execution.SettingsAdapter@1e2481b
[DEBUG]   (f) skip = false
[DEBUG] -- end configuration --
[DEBUG] dummy:dummy:pom:0.1 (selected for null)
[DEBUG]   org.codehaus.cargo:cargo-core-container-tomcat:jar:1.3.1 (selected for null)
[DEBUG]     org.codehaus.cargo:cargo-core-api-generic:jar:1.3.1:compile (selected for compile)
[DEBUG]       commons-discovery:commons-discovery:jar:0.4:compile (selected for compile)
[DEBUG]         commons-logging:commons-logging:jar:1.0.4:compile (selected for compile)
[DEBUG]       org.codehaus.cargo:cargo-core-api-container:jar:1.3.1:compile (selected for compile)
[DEBUG]         org.codehaus.cargo:cargo-core-api-module:jar:1.3.1:compile (selected for compile)
[DEBUG]           jdom:jdom:jar:1.0:compile (selected for compile)
[DEBUG]           org.codehaus.cargo:cargo-core-api-util:jar:1.3.1:compile (selected for compile)
[DEBUG]             dom4j:dom4j:jar:1.4:compile (selected for compile)
[DEBUG]               xml-apis:xml-apis:jar:1.0.b2:compile (selected for compile)
[DEBUG]               jaxen:jaxen:jar:1.0-FCS:compile (selected for compile)
[DEBUG]               saxpath:saxpath:jar:1.0-FCS:compile (selected for compile)
[DEBUG]               msv:msv:jar:20020414:compile (selected for compile)
[DEBUG]               relaxngDatatype:relaxngDatatype:jar:20020414:compile (selected for compile)
[DEBUG]               isorelax:isorelax:jar:20020414:compile (selected for compile)
[DEBUG]             org.apache.ant:ant:jar:1.7.1:compile (selected for compile)
[DEBUG]               org.apache.ant:ant-launcher:jar:1.7.1:compile (selected for compile)
[DEBUG]         org.apache.geronimo.specs:geronimo-j2ee-deployment_1.1_spec:jar:1.1:compile (selected for compile)
[DEBUG]     xmlunit:xmlunit:jar:1.2:test (selected for test)
[DEBUG]     org.codehaus.cargo:cargo-core-api-container:jar:1.3.1:compile (selected for compile)
[DEBUG]       org.codehaus.cargo:cargo-core-api-module:jar:1.3.1:compile (selected for compile)
[DEBUG]         jdom:jdom:jar:1.0:compile (selected for compile)
[DEBUG]         org.codehaus.cargo:cargo-core-api-util:jar:1.3.1:compile (selected for compile)
[DEBUG]           dom4j:dom4j:jar:1.4:compile (selected for compile)
[DEBUG]             xml-apis:xml-apis:jar:1.0.b2:compile (selected for compile)
[DEBUG]             jaxen:jaxen:jar:1.0-FCS:compile (selected for compile)
[DEBUG]             saxpath:saxpath:jar:1.0-FCS:compile (selected for compile)
[DEBUG]             msv:msv:jar:20020414:compile (selected for compile)
[DEBUG]             relaxngDatatype:relaxngDatatype:jar:20020414:compile (selected for compile)
[DEBUG]             isorelax:isorelax:jar:20020414:compile (selected for compile)
[DEBUG]           org.apache.ant:ant:jar:1.7.1:compile (selected for compile)
[DEBUG]             org.apache.ant:ant-launcher:jar:1.7.1:compile (selected for compile)
[DEBUG]       org.apache.geronimo.specs:geronimo-j2ee-deployment_1.1_spec:jar:1.1:compile (selected for compile)
[DEBUG]     org.codehaus.cargo:cargo-core-api-container:test-jar:tests:1.3.1:test (selected for test)
[DEBUG]     org.codehaus.cargo:cargo-core-api-util:test-jar:tests:1.3.1:test (selected for test)
[DEBUG]       dom4j:dom4j:jar:1.4:test (setting artifactScope to: compile)
[DEBUG]       org.apache.ant:ant:jar:1.7.1:test (setting artifactScope to: compile)
[DEBUG]     junit:junit:jar:3.8.1:test (selected for test)
[DEBUG]     jmock:jmock:jar:1.2.0:test (selected for test)
[DEBUG]     jmock:jmock-cglib:jar:1.2.0:test (selected for test)
[DEBUG]       cglib:cglib-nodep:jar:2.1_3:test (selected for test)
[DEBUG]     commons-vfs:commons-vfs:jar:1.0:test (selected for test)
[DEBUG]       commons-logging:commons-logging:jar:1.0.4:test (setting artifactScope to: compile)
[DEBUG] [n2.ContainerStopMojo] Resolved artifact and dependencies: [file:/d:/work/百度云/springside4/mvnLocalRepository/org/codehaus/cargo/cargo-core-container-tomcat/1.3.1/cargo-core-container-tomcat-1.3.1.jar]
[INFO] [n2.ContainerStopMojo] Resolved container artifact org.codehaus.cargo:cargo-core-container-tomcat:jar:1.3.1 for container tomcat6x
[DEBUG] Scheduling deployable for deployment: [groupId [test], artifactId [null], type [war], location [null], pingURL [null]]
[DEBUG] Initial deployable values: groupId = [test], artifactId = [null], type = [war], location = [null]
[DEBUG] Searching for an artifact that matches [test:test:war:null]...
[DEBUG] Checking artifact [test:test:war:null]...
[DEBUG] Computed deployable values: groupId = [test], artifactId = [test], classifier = [null], type = [war], location = [D:\work\百度云\2.code\test\target\test-1.0-SNAPSHOT.war]
[INFO] ------------------------------------------------------------------------
[INFO] BUILD FAILURE
[INFO] ------------------------------------------------------------------------
[INFO] Total time: 22.354s
[INFO] Finished at: Thu Dec 06 15:58:48 CST 2012
[INFO] Final Memory: 6M/16M
[INFO] ------------------------------------------------------------------------
[ERROR] Failed to execute goal org.codehaus.cargo:cargo-maven2-plugin:1.3.1:stop (init-container) on project test: Execution init-container of goal org.codehaus.cargo:cargo-maven2-plugin:1.3.1:stop failed: Failed to create deployable with implementation class org.codehaus.cargo.container.tomcat.TomcatWAR for the parameters (container [id = [tomcat6x]], deployable type [war]). InvocationTargetException: Failed to parse Tomcat WAR file in [D:\work\百度云\2.code\test\target\test-1.0-SNAPSHOT.war]: Failed to find file [D:\work\百度云\2.code\test\target\test-1.0-SNAPSHOT.war]: D:\work\百度云\2.code\test\target\test-1.0-SNAPSHOT.war (系统找不到指定的文件。) -> [Help 1]
org.apache.maven.lifecycle.LifecycleExecutionException: Failed to execute goal org.codehaus.cargo:cargo-maven2-plugin:1.3.1:stop (init-container) on project test: Execution init-container of goal org.codehaus.cargo:cargo-maven2-plugin:1.3.1:stop failed: Failed to create deployable with implementation class org.codehaus.cargo.container.tomcat.TomcatWAR for the parameters (container [id = [tomcat6x]], deployable type [war]).
	at org.apache.maven.lifecycle.internal.MojoExecutor.execute(MojoExecutor.java:225)
	at org.apache.maven.lifecycle.internal.MojoExecutor.execute(MojoExecutor.java:153)
	at org.apache.maven.lifecycle.internal.MojoExecutor.execute(MojoExecutor.java:145)
	at org.apache.maven.lifecycle.internal.LifecycleModuleBuilder.buildProject(LifecycleModuleBuilder.java:84)
	at org.apache.maven.lifecycle.internal.LifecycleModuleBuilder.buildProject(LifecycleModuleBuilder.java:59)
	at org.apache.maven.lifecycle.internal.LifecycleStarter.singleThreadedBuild(LifecycleStarter.java:183)
	at org.apache.maven.lifecycle.internal.LifecycleStarter.execute(LifecycleStarter.java:161)
	at org.apache.maven.DefaultMaven.doExecute(DefaultMaven.java:320)
	at org.apache.maven.DefaultMaven.execute(DefaultMaven.java:156)
	at org.apache.maven.cli.MavenCli.execute(MavenCli.java:537)
	at org.apache.maven.cli.MavenCli.doMain(MavenCli.java:196)
	at org.apache.maven.cli.MavenCli.main(MavenCli.java:141)
	at sun.reflect.NativeMethodAccessorImpl.invoke0(Native Method)
	at sun.reflect.NativeMethodAccessorImpl.invoke(NativeMethodAccessorImpl.java:39)
	at sun.reflect.DelegatingMethodAccessorImpl.invoke(DelegatingMethodAccessorImpl.java:25)
	at java.lang.reflect.Method.invoke(Method.java:597)
	at org.codehaus.plexus.classworlds.launcher.Launcher.launchEnhanced(Launcher.java:290)
	at org.codehaus.plexus.classworlds.launcher.Launcher.launch(Launcher.java:230)
	at org.codehaus.plexus.classworlds.launcher.Launcher.mainWithExitCode(Launcher.java:409)
	at org.codehaus.plexus.classworlds.launcher.Launcher.main(Launcher.java:352)
Caused by: org.apache.maven.plugin.PluginExecutionException: Execution init-container of goal org.codehaus.cargo:cargo-maven2-plugin:1.3.1:stop failed: Failed to create deployable with implementation class org.codehaus.cargo.container.tomcat.TomcatWAR for the parameters (container [id = [tomcat6x]], deployable type [war]).
	at org.apache.maven.plugin.DefaultBuildPluginManager.executeMojo(DefaultBuildPluginManager.java:110)
	at org.apache.maven.lifecycle.internal.MojoExecutor.execute(MojoExecutor.java:209)
	... 19 more
Caused by: org.codehaus.cargo.container.ContainerException: Failed to create deployable with implementation class org.codehaus.cargo.container.tomcat.TomcatWAR for the parameters (container [id = [tomcat6x]], deployable type [war]).
	at org.codehaus.cargo.generic.spi.AbstractGenericHintFactory.createImplementation(AbstractGenericHintFactory.java:154)
	at org.codehaus.cargo.generic.spi.AbstractIntrospectionGenericHintFactory.createImplementation(AbstractIntrospectionGenericHintFactory.java:93)
	at org.codehaus.cargo.generic.deployable.DefaultDeployableFactory.createDeployable(DefaultDeployableFactory.java:156)
	at org.codehaus.cargo.maven2.configuration.Deployable.createDeployable(Deployable.java:205)
	at org.codehaus.cargo.maven2.configuration.Configuration.addStaticDeployables(Configuration.java:429)
	at org.codehaus.cargo.maven2.configuration.Configuration.createConfiguration(Configuration.java:357)
	at org.codehaus.cargo.maven2.AbstractCargoMojo.createConfiguration(AbstractCargoMojo.java:525)
	at org.codehaus.cargo.maven2.AbstractCargoMojo.createNewContainer(AbstractCargoMojo.java:691)
	at org.codehaus.cargo.maven2.AbstractCargoMojo.createContainer(AbstractCargoMojo.java:614)
	at org.codehaus.cargo.maven2.ContainerStopMojo.doExecute(ContainerStopMojo.java:42)
	at org.codehaus.cargo.maven2.AbstractCargoMojo.execute(AbstractCargoMojo.java:457)
	at org.apache.maven.plugin.DefaultBuildPluginManager.executeMojo(DefaultBuildPluginManager.java:101)
	... 20 more
Caused by: java.lang.reflect.InvocationTargetException
	at sun.reflect.NativeConstructorAccessorImpl.newInstance0(Native Method)
	at sun.reflect.NativeConstructorAccessorImpl.newInstance(NativeConstructorAccessorImpl.java:39)
	at sun.reflect.DelegatingConstructorAccessorImpl.newInstance(DelegatingConstructorAccessorImpl.java:27)
	at java.lang.reflect.Constructor.newInstance(Constructor.java:513)
	at org.codehaus.cargo.generic.deployable.DefaultDeployableFactory.createInstance(DefaultDeployableFactory.java:196)
	at org.codehaus.cargo.generic.deployable.DefaultDeployableFactory.createInstance(DefaultDeployableFactory.java:47)
	at org.codehaus.cargo.generic.spi.AbstractGenericHintFactory.createImplementation(AbstractGenericHintFactory.java:150)
	... 31 more
Caused by: org.codehaus.cargo.container.ContainerException: Failed to parse Tomcat WAR file in [D:\work\百度云\2.code\test\target\test-1.0-SNAPSHOT.war]
	at org.codehaus.cargo.container.tomcat.TomcatWAR.<init>(TomcatWAR.java:54)
	... 38 more
Caused by: org.codehaus.cargo.util.CargoException: Failed to find file [D:\work\百度云\2.code\test\target\test-1.0-SNAPSHOT.war]
	at org.codehaus.cargo.util.DefaultFileHandler.getInputStream(DefaultFileHandler.java:614)
	at org.codehaus.cargo.module.DefaultJarArchive.getContentAsStream(DefaultJarArchive.java:228)
	at org.codehaus.cargo.module.DefaultJarArchive.getResource(DefaultJarArchive.java:151)
	at org.codehaus.cargo.module.webapp.tomcat.TomcatWarArchive.parseTomcatContextXml(TomcatWarArchive.java:87)
	at org.codehaus.cargo.module.webapp.tomcat.TomcatWarArchive.<init>(TomcatWarArchive.java:59)
	at org.codehaus.cargo.container.tomcat.TomcatWAR.<init>(TomcatWAR.java:50)
	... 38 more
Caused by: java.io.FileNotFoundException: D:\work\百度云\2.code\test\target\test-1.0-SNAPSHOT.war (系统找不到指定的文件。)
	at java.io.FileInputStream.open(Native Method)
	at java.io.FileInputStream.<init>(FileInputStream.java:106)
	at org.codehaus.cargo.util.DefaultFileHandler.getInputStream(DefaultFileHandler.java:610)
	... 43 more
[ERROR] 
[ERROR] 
[ERROR] For more information about the errors and possible solutions, please read the following articles:
[ERROR] [Help 1] http://cwiki.apache.org/confluence/display/MAVEN/PluginExecutionException
